{"C:\\Users\\gopikrishnaa\\Desktop\\vue\\vue-scaffold\\src\\components\\JokeDetails\\index.vue": {"path":"C:\\Users\\gopikrishnaa\\Desktop\\vue\\vue-scaffold\\src\\components\\JokeDetails\\index.vue","statementMap":{"0":{"start":{"line":1,"column":0},"end":{"line":null,"column":-1}},"1":{"start":{"line":5,"column":0},"end":{"line":7,"column":0}},"2":{"start":{"line":6,"column":0},"end":{"line":null,"column":-1}},"3":{"start":{"line":11,"column":0},"end":{"line":null,"column":-1}},"4":{"start":{"line":12,"column":0},"end":{"line":null,"column":-1}},"5":{"start":{"line":16,"column":0},"end":{"line":20,"column":0}},"6":{"start":{"line":17,"column":0},"end":{"line":null,"column":-1}},"7":{"start":{"line":19,"column":0},"end":{"line":null,"column":-1}},"8":{"start":{"line":23,"column":0},"end":{"line":null,"column":-1}}},"fnMap":{"0":{"name":"mounted","decl":{"start":{"line":4,"column":0},"end":{"line":null,"column":-1}},"loc":{"start":{"line":4,"column":0},"end":{"line":8,"column":0}}},"1":{"name":"serviceCall","decl":{"start":{"line":10,"column":0},"end":{"line":null,"column":-1}},"loc":{"start":{"line":10,"column":0},"end":{"line":21,"column":0}}},"2":{"name":"navigate","decl":{"start":{"line":22,"column":0},"end":{"line":null,"column":-1}},"loc":{"start":{"line":22,"column":0},"end":{"line":24,"column":0}}}},"branchMap":{"0":{"loc":{"start":{"line":5,"column":0},"end":{"line":7,"column":0}},"type":"if","locations":[{"start":{"line":5,"column":0},"end":{"line":7,"column":0}},{"start":{"line":5,"column":0},"end":{"line":7,"column":0}}]},"1":{"loc":{"start":{"line":11,"column":0},"end":{"line":null,"column":-1}},"type":"cond-expr","locations":[{"start":{"line":11,"column":0},"end":{"line":null,"column":-1}},{"start":{"line":11,"column":0},"end":{"line":null,"column":-1}}]},"2":{"loc":{"start":{"line":16,"column":0},"end":{"line":20,"column":0}},"type":"if","locations":[{"start":{"line":16,"column":0},"end":{"line":20,"column":0}},{"start":{"line":16,"column":0},"end":{"line":20,"column":0}}]}},"s":{"0":1,"1":3,"2":3,"3":1,"4":1,"5":1,"6":1,"7":0,"8":1},"f":{"0":3,"1":1,"2":1},"b":{"0":[3,0],"1":[1,0],"2":[1,0]}}
,"C:\\Users\\gopikrishnaa\\Desktop\\vue\\vue-scaffold\\src\\components\\Summary\\index.vue": {"path":"C:\\Users\\gopikrishnaa\\Desktop\\vue\\vue-scaffold\\src\\components\\Summary\\index.vue","statementMap":{"0":{"start":{"line":1,"column":0},"end":{"line":null,"column":-1}},"1":{"start":{"line":5,"column":0},"end":{"line":null,"column":-1}},"2":{"start":{"line":12,"column":0},"end":{"line":null,"column":-1}},"3":{"start":{"line":16,"column":0},"end":{"line":null,"column":-1}},"4":{"start":{"line":19,"column":0},"end":{"line":null,"column":-1}},"5":{"start":{"line":20,"column":0},"end":{"line":null,"column":-1}},"6":{"start":{"line":23,"column":0},"end":{"line":null,"column":-1}},"7":{"start":{"line":24,"column":0},"end":{"line":null,"column":-1}}},"fnMap":{"0":{"name":"data","decl":{"start":{"line":4,"column":0},"end":{"line":null,"column":-1}},"loc":{"start":{"line":4,"column":0},"end":{"line":10,"column":0}}},"1":{"name":"mounted","decl":{"start":{"line":11,"column":0},"end":{"line":null,"column":-1}},"loc":{"start":{"line":11,"column":0},"end":{"line":13,"column":0}}},"2":{"name":"navigate","decl":{"start":{"line":15,"column":0},"end":{"line":null,"column":-1}},"loc":{"start":{"line":15,"column":0},"end":{"line":17,"column":0}}},"3":{"name":"filterBy","decl":{"start":{"line":18,"column":0},"end":{"line":null,"column":-1}},"loc":{"start":{"line":18,"column":0},"end":{"line":21,"column":0}}},"4":{"name":"filterDate","decl":{"start":{"line":22,"column":0},"end":{"line":null,"column":-1}},"loc":{"start":{"line":22,"column":0},"end":{"line":25,"column":0}}}},"branchMap":{},"s":{"0":1,"1":5,"2":5,"3":1,"4":1,"5":1,"6":1,"7":1},"f":{"0":5,"1":5,"2":1,"3":1,"4":1},"b":{}}
,"C:\\Users\\gopikrishnaa\\Desktop\\vue\\vue-scaffold\\src\\store\\index.js": {"path":"C:\\Users\\gopikrishnaa\\Desktop\\vue\\vue-scaffold\\src\\store\\index.js","statementMap":{"0":{"start":{"line":1,"column":0},"end":{"line":null,"column":-1}},"1":{"start":{"line":2,"column":0},"end":{"line":null,"column":-1}},"2":{"start":{"line":3,"column":0},"end":{"line":null,"column":-1}},"3":{"start":{"line":4,"column":0},"end":{"line":null,"column":-1}},"4":{"start":{"line":5,"column":0},"end":{"line":null,"column":-1}},"5":{"start":{"line":7,"column":0},"end":{"line":null,"column":-1}},"6":{"start":{"line":9,"column":14},"end":{"line":9,"column":0}}},"fnMap":{},"branchMap":{},"s":{"0":0,"1":0,"2":0,"3":0,"4":0,"5":0,"6":0},"f":{},"b":{}}
,"C:\\Users\\gopikrishnaa\\Desktop\\vue\\vue-scaffold\\src\\store\\mutation-types.js": {"path":"C:\\Users\\gopikrishnaa\\Desktop\\vue\\vue-scaffold\\src\\store\\mutation-types.js","statementMap":{"0":{"start":{"line":1,"column":13},"end":{"line":1,"column":7}},"1":{"start":{"line":2,"column":13},"end":{"line":2,"column":7}},"2":{"start":{"line":4,"column":13},"end":{"line":4,"column":7}},"3":{"start":{"line":5,"column":13},"end":{"line":5,"column":7}},"4":{"start":{"line":7,"column":13},"end":{"line":7,"column":7}},"5":{"start":{"line":8,"column":13},"end":{"line":8,"column":7}}},"fnMap":{},"branchMap":{},"s":{"0":0,"1":0,"2":0,"3":0,"4":0,"5":0},"f":{},"b":{}}
,"C:\\Users\\gopikrishnaa\\Desktop\\vue\\vue-scaffold\\src\\store\\actions\\index.js": {"path":"C:\\Users\\gopikrishnaa\\Desktop\\vue\\vue-scaffold\\src\\store\\actions\\index.js","statementMap":{"0":{"start":{"line":1,"column":0},"end":{"line":null,"column":-1}}},"fnMap":{},"branchMap":{},"s":{"0":0},"f":{},"b":{}}
,"C:\\Users\\gopikrishnaa\\Desktop\\vue\\vue-scaffold\\src\\store\\actions\\sampleAction.js": {"path":"C:\\Users\\gopikrishnaa\\Desktop\\vue\\vue-scaffold\\src\\store\\actions\\sampleAction.js","statementMap":{"0":{"start":{"line":1,"column":0},"end":{"line":null,"column":-1}},"1":{"start":{"line":2,"column":0},"end":{"line":null,"column":-1}},"2":{"start":{"line":11,"column":13},"end":{"line":11,"column":7}},"3":{"start":{"line":12,"column":27},"end":{"line":12,"column":26}},"4":{"start":{"line":13,"column":4},"end":{"line":null,"column":-1}},"5":{"start":{"line":15,"column":8},"end":{"line":null,"column":-1}},"6":{"start":{"line":18,"column":37},"end":{"line":18,"column":36}},"7":{"start":{"line":19,"column":4},"end":{"line":null,"column":-1}},"8":{"start":{"line":21,"column":30},"end":{"line":21,"column":29}},"9":{"start":{"line":22,"column":4},"end":{"line":null,"column":-1}},"10":{"start":{"line":24,"column":30},"end":{"line":24,"column":29}},"11":{"start":{"line":25,"column":4},"end":{"line":null,"column":-1}},"12":{"start":{"line":27,"column":29},"end":{"line":27,"column":28}},"13":{"start":{"line":28,"column":4},"end":{"line":null,"column":-1}},"14":{"start":{"line":30,"column":41},"end":{"line":30,"column":40}},"15":{"start":{"line":31,"column":4},"end":{"line":null,"column":-1}}},"fnMap":{"0":{"name":"getJoke","decl":{"start":{"line":12,"column":11},"end":{"line":12,"column":26}},"loc":{"start":{"line":12,"column":27},"end":{"line":11,"column":29}}},"1":{"name":"(anonymous_1)","decl":{"start":{"line":14,"column":12},"end":{"line":14,"column":18}},"loc":{"start":{"line":14,"column":19},"end":{"line":13,"column":4}}},"2":{"name":"rateJoke","decl":{"start":{"line":18,"column":12},"end":{"line":18,"column":24}},"loc":{"start":{"line":18,"column":37},"end":{"line":11,"column":29}}},"3":{"name":"showLoader","decl":{"start":{"line":21,"column":14},"end":{"line":21,"column":29}},"loc":{"start":{"line":21,"column":30},"end":{"line":11,"column":29}}},"4":{"name":"hideLoader","decl":{"start":{"line":24,"column":14},"end":{"line":24,"column":29}},"loc":{"start":{"line":24,"column":30},"end":{"line":11,"column":29}}},"5":{"name":"sortOrder","decl":{"start":{"line":27,"column":13},"end":{"line":27,"column":28}},"loc":{"start":{"line":27,"column":29},"end":{"line":11,"column":29}}},"6":{"name":"selectStatus","decl":{"start":{"line":30,"column":16},"end":{"line":30,"column":28}},"loc":{"start":{"line":30,"column":41},"end":{"line":11,"column":29}}}},"branchMap":{},"s":{"0":0,"1":0,"2":0,"3":0,"4":0,"5":0,"6":0,"7":0,"8":0,"9":0,"10":0,"11":0,"12":0,"13":0,"14":0,"15":0},"f":{"0":0,"1":0,"2":0,"3":0,"4":0,"5":0,"6":0},"b":{}}
,"C:\\Users\\gopikrishnaa\\Desktop\\vue\\vue-scaffold\\src\\store\\getters\\index.js": {"path":"C:\\Users\\gopikrishnaa\\Desktop\\vue\\vue-scaffold\\src\\store\\getters\\index.js","statementMap":{"0":{"start":{"line":1,"column":0},"end":{"line":null,"column":-1}}},"fnMap":{},"branchMap":{},"s":{"0":0},"f":{},"b":{}}
,"C:\\Users\\gopikrishnaa\\Desktop\\vue\\vue-scaffold\\src\\store\\getters\\items.js": {"path":"C:\\Users\\gopikrishnaa\\Desktop\\vue\\vue-scaffold\\src\\store\\getters\\items.js","statementMap":{"0":{"start":{"line":1,"column":14},"end":{"line":1,"column":0}},"1":{"start":{"line":2,"column":9},"end":{"line":2,"column":8}},"2":{"start":{"line":2,"column":9},"end":{"line":1,"column":13}},"3":{"start":{"line":3,"column":8},"end":{"line":3,"column":7}},"4":{"start":{"line":3,"column":8},"end":{"line":1,"column":13}},"5":{"start":{"line":4,"column":15},"end":{"line":4,"column":14}},"6":{"start":{"line":4,"column":15},"end":{"line":1,"column":13}},"7":{"start":{"line":5,"column":13},"end":{"line":5,"column":12}},"8":{"start":{"line":5,"column":13},"end":{"line":1,"column":13}},"9":{"start":{"line":5,"column":67},"end":{"line":5,"column":40}},"10":{"start":{"line":6,"column":15},"end":{"line":6,"column":14}},"11":{"start":{"line":6,"column":15},"end":{"line":1,"column":13}},"12":{"start":{"line":6,"column":69},"end":{"line":6,"column":42}},"13":{"start":{"line":7,"column":14},"end":{"line":7,"column":13}},"14":{"start":{"line":7,"column":14},"end":{"line":1,"column":13}},"15":{"start":{"line":8,"column":10},"end":{"line":8,"column":9}},"16":{"start":{"line":8,"column":10},"end":{"line":1,"column":13}},"17":{"start":{"line":9,"column":58},"end":{"line":9,"column":57}},"18":{"start":{"line":10,"column":26},"end":{"line":10,"column":4}},"19":{"start":{"line":10,"column":92},"end":{"line":10,"column":65}},"20":{"start":{"line":11,"column":4},"end":{"line":null,"column":-1}},"21":{"start":{"line":12,"column":6},"end":{"line":null,"column":-1}},"22":{"start":{"line":18,"column":8},"end":{"line":null,"column":-1}},"23":{"start":{"line":19,"column":8},"end":{"line":null,"column":-1}},"24":{"start":{"line":22,"column":51},"end":{"line":22,"column":50}},"25":{"start":{"line":23,"column":4},"end":{"line":null,"column":-1}},"26":{"start":{"line":24,"column":14},"end":{"line":23,"column":37}},"27":{"start":{"line":26,"column":8},"end":{"line":null,"column":-1}},"28":{"start":{"line":27,"column":8},"end":{"line":null,"column":-1}}},"fnMap":{"0":{"name":"items","decl":{"start":{"line":2,"column":9},"end":{"line":2,"column":22}},"loc":{"start":{"line":2,"column":9},"end":{"line":1,"column":14}}},"1":{"name":"info","decl":{"start":{"line":3,"column":8},"end":{"line":3,"column":10}},"loc":{"start":{"line":3,"column":8},"end":{"line":1,"column":14}}},"2":{"name":"currentJoke","decl":{"start":{"line":4,"column":15},"end":{"line":4,"column":17}},"loc":{"start":{"line":4,"column":15},"end":{"line":1,"column":14}}},"3":{"name":"likeCount","decl":{"start":{"line":5,"column":13},"end":{"line":5,"column":26}},"loc":{"start":{"line":5,"column":13},"end":{"line":1,"column":14}}},"4":{"name":"(anonymous_5)","decl":{"start":{"line":5,"column":67},"end":{"line":5,"column":73}},"loc":{"start":{"line":5,"column":67},"end":{"line":5,"column":41}}},"5":{"name":"unlikeCount","decl":{"start":{"line":6,"column":15},"end":{"line":6,"column":28}},"loc":{"start":{"line":6,"column":15},"end":{"line":1,"column":14}}},"6":{"name":"(anonymous_7)","decl":{"start":{"line":6,"column":69},"end":{"line":6,"column":75}},"loc":{"start":{"line":6,"column":69},"end":{"line":6,"column":43}}},"7":{"name":"totalCount","decl":{"start":{"line":7,"column":14},"end":{"line":7,"column":27}},"loc":{"start":{"line":7,"column":14},"end":{"line":1,"column":14}}},"8":{"name":"isSort","decl":{"start":{"line":8,"column":10},"end":{"line":8,"column":23}},"loc":{"start":{"line":8,"column":10},"end":{"line":1,"column":14}}},"9":{"name":"sortByTime","decl":{"start":{"line":9,"column":14},"end":{"line":9,"column":57}},"loc":{"start":{"line":9,"column":58},"end":{"line":1,"column":14}}},"10":{"name":"(anonymous_11)","decl":{"start":{"line":10,"column":92},"end":{"line":10,"column":98}},"loc":{"start":{"line":10,"column":92},"end":{"line":10,"column":66}}},"11":{"name":"(anonymous_12)","decl":{"start":{"line":11,"column":30},"end":{"line":11,"column":30}},"loc":{"start":{"line":11,"column":40},"end":{"line":11,"column":11}}},"12":{"name":"(anonymous_13)","decl":{"start":{"line":17,"column":14},"end":{"line":17,"column":14}},"loc":{"start":{"line":17,"column":28},"end":{"line":11,"column":11}}},"13":{"name":"filterItems","decl":{"start":{"line":22,"column":15},"end":{"line":22,"column":50}},"loc":{"start":{"line":22,"column":51},"end":{"line":1,"column":14}}},"14":{"name":"(anonymous_15)","decl":{"start":{"line":24,"column":14},"end":{"line":24,"column":20}},"loc":{"start":{"line":24,"column":14},"end":{"line":23,"column":38}}},"15":{"name":"(anonymous_16)","decl":{"start":{"line":25,"column":14},"end":{"line":25,"column":14}},"loc":{"start":{"line":25,"column":28},"end":{"line":23,"column":38}}}},"branchMap":{"0":{"loc":{"start":{"line":10,"column":45},"end":{"line":10,"column":26}},"type":"cond-expr","locations":[{"start":{"line":10,"column":45},"end":{"line":10,"column":26}},{"start":{"line":10,"column":66},"end":{"line":10,"column":4}}]},"1":{"loc":{"start":{"line":12,"column":23},"end":{"line":12,"column":13}},"type":"cond-expr","locations":[{"start":{"line":12,"column":23},"end":{"line":12,"column":13}},{"start":{"line":14,"column":11},"end":{"line":12,"column":6}}]},"2":{"loc":{"start":{"line":12,"column":65},"end":{"line":12,"column":23}},"type":"cond-expr","locations":[{"start":{"line":12,"column":65},"end":{"line":12,"column":23}},{"start":{"line":13,"column":10},"end":{"line":12,"column":13}}]},"3":{"loc":{"start":{"line":13,"column":52},"end":{"line":13,"column":10}},"type":"cond-expr","locations":[{"start":{"line":13,"column":52},"end":{"line":13,"column":10}},{"start":{"line":13,"column":56},"end":{"line":12,"column":13}}]},"4":{"loc":{"start":{"line":14,"column":53},"end":{"line":14,"column":11}},"type":"cond-expr","locations":[{"start":{"line":14,"column":53},"end":{"line":14,"column":11}},{"start":{"line":15,"column":12},"end":{"line":12,"column":6}}]},"5":{"loc":{"start":{"line":15,"column":54},"end":{"line":15,"column":12}},"type":"cond-expr","locations":[{"start":{"line":15,"column":54},"end":{"line":15,"column":12}},{"start":{"line":15,"column":58},"end":{"line":12,"column":6}}]},"6":{"loc":{"start":{"line":23,"column":30},"end":{"line":23,"column":11}},"type":"cond-expr","locations":[{"start":{"line":23,"column":30},"end":{"line":23,"column":11}},{"start":{"line":23,"column":38},"end":{"line":23,"column":4}}]}},"s":{"0":0,"1":0,"2":0,"3":0,"4":0,"5":0,"6":0,"7":0,"8":0,"9":0,"10":0,"11":0,"12":0,"13":0,"14":0,"15":0,"16":0,"17":0,"18":0,"19":0,"20":0,"21":0,"22":0,"23":0,"24":0,"25":0,"26":0,"27":0,"28":0},"f":{"0":0,"1":0,"2":0,"3":0,"4":0,"5":0,"6":0,"7":0,"8":0,"9":0,"10":0,"11":0,"12":0,"13":0,"14":0,"15":0},"b":{"0":[0,0],"1":[0,0],"2":[0,0],"3":[0,0],"4":[0,0],"5":[0,0],"6":[0,0]}}
,"C:\\Users\\gopikrishnaa\\Desktop\\vue\\vue-scaffold\\src\\store\\mutations\\index.js": {"path":"C:\\Users\\gopikrishnaa\\Desktop\\vue\\vue-scaffold\\src\\store\\mutations\\index.js","statementMap":{"0":{"start":{"line":1,"column":0},"end":{"line":null,"column":-1}}},"fnMap":{},"branchMap":{},"s":{"0":0},"f":{},"b":{}}
,"C:\\Users\\gopikrishnaa\\Desktop\\vue\\vue-scaffold\\src\\store\\mutations\\sampleMutations.js": {"path":"C:\\Users\\gopikrishnaa\\Desktop\\vue\\vue-scaffold\\src\\store\\mutations\\sampleMutations.js","statementMap":{"0":{"start":{"line":1,"column":0},"end":{"line":null,"column":-1}},"1":{"start":{"line":10,"column":13},"end":{"line":10,"column":7}},"2":{"start":{"line":11,"column":35},"end":{"line":11,"column":34}},"3":{"start":{"line":12,"column":4},"end":{"line":null,"column":-1}},"4":{"start":{"line":17,"column":35},"end":{"line":17,"column":34}},"5":{"start":{"line":18,"column":4},"end":{"line":null,"column":-1}},"6":{"start":{"line":29,"column":4},"end":{"line":null,"column":-1}},"7":{"start":{"line":32,"column":4},"end":{"line":null,"column":-1}},"8":{"start":{"line":35,"column":4},"end":{"line":null,"column":-1}},"9":{"start":{"line":38,"column":4},"end":{"line":null,"column":-1}}},"fnMap":{"0":{"name":"(anonymous_1)","decl":{"start":{"line":10,"column":13},"end":{"line":11,"column":13}},"loc":{"start":{"line":11,"column":35},"end":{"line":10,"column":13}}},"1":{"name":"(anonymous_2)","decl":{"start":{"line":10,"column":13},"end":{"line":17,"column":25}},"loc":{"start":{"line":17,"column":35},"end":{"line":10,"column":13}}},"2":{"name":"(anonymous_3)","decl":{"start":{"line":10,"column":13},"end":{"line":28,"column":16}},"loc":{"start":{"line":28,"column":24},"end":{"line":10,"column":13}}},"3":{"name":"(anonymous_4)","decl":{"start":{"line":10,"column":13},"end":{"line":31,"column":16}},"loc":{"start":{"line":31,"column":24},"end":{"line":10,"column":13}}},"4":{"name":"(anonymous_5)","decl":{"start":{"line":10,"column":13},"end":{"line":34,"column":15}},"loc":{"start":{"line":34,"column":23},"end":{"line":10,"column":13}}},"5":{"name":"(anonymous_6)","decl":{"start":{"line":10,"column":13},"end":{"line":37,"column":18}},"loc":{"start":{"line":37,"column":35},"end":{"line":10,"column":13}}}},"branchMap":{},"s":{"0":0,"1":0,"2":0,"3":0,"4":0,"5":0,"6":0,"7":0,"8":0,"9":0},"f":{"0":0,"1":0,"2":0,"3":0,"4":0,"5":0},"b":{}}
,"C:\\Users\\gopikrishnaa\\Desktop\\vue\\vue-scaffold\\src\\util\\serviceUtil.js": {"path":"C:\\Users\\gopikrishnaa\\Desktop\\vue\\vue-scaffold\\src\\util\\serviceUtil.js","statementMap":{"0":{"start":{"line":1,"column":0},"end":{"line":null,"column":-1}},"1":{"start":{"line":2,"column":0},"end":{"line":null,"column":-1}},"2":{"start":{"line":4,"column":13},"end":{"line":4,"column":7}},"3":{"start":{"line":7,"column":6},"end":{"line":4,"column":39}},"4":{"start":{"line":8,"column":2},"end":{"line":null,"column":-1}},"5":{"start":{"line":9,"column":2},"end":{"line":null,"column":-1}},"6":{"start":{"line":17,"column":6},"end":{"line":null,"column":-1}},"7":{"start":{"line":18,"column":6},"end":{"line":null,"column":-1}},"8":{"start":{"line":21,"column":6},"end":{"line":null,"column":-1}},"9":{"start":{"line":22,"column":6},"end":{"line":null,"column":-1}}},"fnMap":{"0":{"name":"serviceUtil","decl":{"start":{"line":4,"column":13},"end":{"line":4,"column":27}},"loc":{"start":{"line":4,"column":39},"end":{"line":4,"column":7}}},"1":{"name":"(anonymous_2)","decl":{"start":{"line":16,"column":10},"end":{"line":16,"column":21}},"loc":{"start":{"line":16,"column":22},"end":{"line":9,"column":9}}},"2":{"name":"(anonymous_3)","decl":{"start":{"line":20,"column":11},"end":{"line":20,"column":19}},"loc":{"start":{"line":20,"column":20},"end":{"line":9,"column":9}}}},"branchMap":{},"s":{"0":0,"1":0,"2":0,"3":0,"4":0,"5":0,"6":0,"7":0,"8":0,"9":0},"f":{"0":0,"1":0,"2":0},"b":{}}
}
