TN:
SF:C:\Users\gopikrishnaa\Desktop\vue\vue-scaffold\src\components\JokeDetails\index.vue
FN:4,mounted
FN:10,serviceCall
FN:22,navigate
FNF:3
FNH:3
FNDA:3,mounted
FNDA:1,serviceCall
FNDA:1,navigate
DA:1,1
DA:5,3
DA:6,3
DA:11,1
DA:12,1
DA:16,1
DA:17,1
DA:19,0
DA:23,1
LF:9
LH:8
BRDA:5,0,0,3
BRDA:5,0,1,0
BRDA:11,1,0,1
BRDA:11,1,1,0
BRDA:16,2,0,1
BRDA:16,2,1,0
BRF:6
BRH:3
end_of_record
TN:
SF:C:\Users\gopikrishnaa\Desktop\vue\vue-scaffold\src\components\Summary\index.vue
FN:4,data
FN:11,mounted
FN:15,navigate
FN:18,filterBy
FN:22,filterDate
FNF:5
FNH:5
FNDA:5,data
FNDA:5,mounted
FNDA:1,navigate
FNDA:1,filterBy
FNDA:1,filterDate
DA:1,1
DA:5,5
DA:12,5
DA:16,1
DA:19,1
DA:20,1
DA:23,1
DA:24,1
LF:8
LH:8
BRF:0
BRH:0
end_of_record
TN:
SF:C:\Users\gopikrishnaa\Desktop\vue\vue-scaffold\src\store\index.js
FNF:0
FNH:0
DA:1,0
DA:2,0
DA:3,0
DA:4,0
DA:5,0
DA:7,0
DA:9,0
LF:7
LH:0
BRF:0
BRH:0
end_of_record
TN:
SF:C:\Users\gopikrishnaa\Desktop\vue\vue-scaffold\src\store\mutation-types.js
FNF:0
FNH:0
DA:1,0
DA:2,0
DA:4,0
DA:5,0
DA:7,0
DA:8,0
LF:6
LH:0
BRF:0
BRH:0
end_of_record
TN:
SF:C:\Users\gopikrishnaa\Desktop\vue\vue-scaffold\src\store\actions\index.js
FNF:0
FNH:0
DA:1,0
LF:1
LH:0
BRF:0
BRH:0
end_of_record
TN:
SF:C:\Users\gopikrishnaa\Desktop\vue\vue-scaffold\src\store\actions\sampleAction.js
FN:12,getJoke
FN:14,(anonymous_1)
FN:18,rateJoke
FN:21,showLoader
FN:24,hideLoader
FN:27,sortOrder
FN:30,selectStatus
FNF:7
FNH:0
FNDA:0,getJoke
FNDA:0,(anonymous_1)
FNDA:0,rateJoke
FNDA:0,showLoader
FNDA:0,hideLoader
FNDA:0,sortOrder
FNDA:0,selectStatus
DA:1,0
DA:2,0
DA:11,0
DA:12,0
DA:13,0
DA:15,0
DA:18,0
DA:19,0
DA:21,0
DA:22,0
DA:24,0
DA:25,0
DA:27,0
DA:28,0
DA:30,0
DA:31,0
LF:16
LH:0
BRF:0
BRH:0
end_of_record
TN:
SF:C:\Users\gopikrishnaa\Desktop\vue\vue-scaffold\src\store\getters\index.js
FNF:0
FNH:0
DA:1,0
LF:1
LH:0
BRF:0
BRH:0
end_of_record
TN:
SF:C:\Users\gopikrishnaa\Desktop\vue\vue-scaffold\src\store\getters\items.js
FN:2,items
FN:3,info
FN:4,currentJoke
FN:5,likeCount
FN:5,(anonymous_5)
FN:6,unlikeCount
FN:6,(anonymous_7)
FN:7,totalCount
FN:8,isSort
FN:9,sortByTime
FN:10,(anonymous_11)
FN:11,(anonymous_12)
FN:17,(anonymous_13)
FN:22,filterItems
FN:24,(anonymous_15)
FN:25,(anonymous_16)
FNF:16
FNH:0
FNDA:0,items
FNDA:0,info
FNDA:0,currentJoke
FNDA:0,likeCount
FNDA:0,(anonymous_5)
FNDA:0,unlikeCount
FNDA:0,(anonymous_7)
FNDA:0,totalCount
FNDA:0,isSort
FNDA:0,sortByTime
FNDA:0,(anonymous_11)
FNDA:0,(anonymous_12)
FNDA:0,(anonymous_13)
FNDA:0,filterItems
FNDA:0,(anonymous_15)
FNDA:0,(anonymous_16)
DA:1,0
DA:2,0
DA:3,0
DA:4,0
DA:5,0
DA:6,0
DA:7,0
DA:8,0
DA:9,0
DA:10,0
DA:11,0
DA:12,0
DA:18,0
DA:19,0
DA:22,0
DA:23,0
DA:24,0
DA:26,0
DA:27,0
LF:19
LH:0
BRDA:10,0,0,0
BRDA:10,0,1,0
BRDA:12,1,0,0
BRDA:12,1,1,0
BRDA:12,2,0,0
BRDA:12,2,1,0
BRDA:13,3,0,0
BRDA:13,3,1,0
BRDA:14,4,0,0
BRDA:14,4,1,0
BRDA:15,5,0,0
BRDA:15,5,1,0
BRDA:23,6,0,0
BRDA:23,6,1,0
BRF:14
BRH:0
end_of_record
TN:
SF:C:\Users\gopikrishnaa\Desktop\vue\vue-scaffold\src\store\mutations\index.js
FNF:0
FNH:0
DA:1,0
LF:1
LH:0
BRF:0
BRH:0
end_of_record
TN:
SF:C:\Users\gopikrishnaa\Desktop\vue\vue-scaffold\src\store\mutations\sampleMutations.js
FN:10,(anonymous_1)
FN:10,(anonymous_2)
FN:10,(anonymous_3)
FN:10,(anonymous_4)
FN:10,(anonymous_5)
FN:10,(anonymous_6)
FNF:6
FNH:0
FNDA:0,(anonymous_1)
FNDA:0,(anonymous_2)
FNDA:0,(anonymous_3)
FNDA:0,(anonymous_4)
FNDA:0,(anonymous_5)
FNDA:0,(anonymous_6)
DA:1,0
DA:10,0
DA:11,0
DA:12,0
DA:17,0
DA:18,0
DA:29,0
DA:32,0
DA:35,0
DA:38,0
LF:10
LH:0
BRF:0
BRH:0
end_of_record
TN:
SF:C:\Users\gopikrishnaa\Desktop\vue\vue-scaffold\src\util\serviceUtil.js
FN:4,serviceUtil
FN:16,(anonymous_2)
FN:20,(anonymous_3)
FNF:3
FNH:0
FNDA:0,serviceUtil
FNDA:0,(anonymous_2)
FNDA:0,(anonymous_3)
DA:1,0
DA:2,0
DA:4,0
DA:7,0
DA:8,0
DA:9,0
DA:17,0
DA:18,0
DA:21,0
DA:22,0
LF:10
LH:0
BRF:0
BRH:0
end_of_record
